<?xml version="1.0" encoding="UTF-8"?>
<!-- Generated by org.testng.reporters.JUnitReportReporter -->
<testsuite skipped="0" hostname="DESKTOP-5AG83FG" name="groups.Kiwi" tests="1" failures="0" timestamp="26 Nov 2020 06:46:37 GMT" time="5.400" errors="0">
  <testcase name="ap" time="5.400" classname="groups.Kiwi"/>
</testsuite> <!-- groups.Kiwi -->
