<?xml version="1.0" encoding="UTF-8"?>
<!-- Generated by org.testng.reporters.JUnitReportReporter -->
<testsuite skipped="0" hostname="DESKTOP-5AG83FG" name="testng.ThreeClss$ornghrm" tests="1" failures="0" timestamp="27 Oct 2020 13:12:30 GMT" time="9.618" errors="0">
  <testcase name="xyz" time="9.618" classname="testng.ThreeClss$ornghrm"/>
</testsuite> <!-- testng.ThreeClss$ornghrm -->
