<?xml version="1.0" encoding="UTF-8"?>
<!-- Generated by org.testng.reporters.JUnitReportReporter -->
<testsuite skipped="0" hostname="DESKTOP-5AG83FG" name="groups.Banana" tests="1" failures="0" timestamp="06 Nov 2020 02:55:09 GMT" time="6.676" errors="0">
  <testcase name="ind" time="6.676" classname="groups.Banana"/>
</testsuite> <!-- groups.Banana -->
