<?xml version="1.0" encoding="UTF-8"?>
<!-- Generated by org.testng.reporters.JUnitReportReporter -->
<testsuite hostname="DESKTOP-5AG83FG" name="testng.OrghrmTest" tests="1" failures="0" timestamp="14 Dec 2020 13:31:15 GMT" time="9.039" errors="0">
  <testcase name="xyz" time="9.039" classname="testng.OrghrmTest"/>
</testsuite> <!-- testng.OrghrmTest -->
