<?xml version="1.0" encoding="UTF-8"?>
<!-- Generated by org.testng.reporters.JUnitReportReporter -->
<testsuite skipped="0" hostname="DESKTOP-5AG83FG" name="reports.Re1" tests="1" failures="0" timestamp="28 Nov 2020 02:16:00 GMT" time="17.432" errors="0">
  <testcase name="rama" time="17.432" classname="reports.Re1"/>
</testsuite> <!-- reports.Re1 -->
