<?xml version="1.0" encoding="UTF-8"?>
<!-- Generated by org.testng.reporters.JUnitReportReporter -->
<testsuite skipped="0" hostname="DESKTOP-5AG83FG" name="testng.Four" tests="1" failures="0" timestamp="04 Nov 2020 02:57:46 GMT" time="0.006" errors="0">
  <testcase name="kr" time="0.006" classname="testng.Four"/>
</testsuite> <!-- testng.Four -->
