<?xml version="1.0" encoding="UTF-8"?>
<!-- Generated by org.testng.reporters.JUnitReportReporter -->
<testsuite skipped="0" hostname="DESKTOP-5AG83FG" name="testng.Test2" tests="1" failures="0" timestamp="29 Oct 2020 12:51:34 GMT" time="11.037" errors="0">
  <testcase name="abd" time="11.037" classname="testng.Test2"/>
</testsuite> <!-- testng.Test2 -->
