<?xml version="1.0" encoding="UTF-8"?>
<!-- Generated by org.testng.reporters.JUnitReportReporter -->
<testsuite skipped="0" hostname="DESKTOP-5AG83FG" name="datadriven.Apple" tests="2" failures="0" timestamp="26 Nov 2020 06:45:03 GMT" time="17.607" errors="0">
  <testcase name="rama" time="9.841" classname="datadriven.Apple"/>
  <testcase name="rama" time="7.766" classname="datadriven.Apple"/>
</testsuite> <!-- datadriven.Apple -->
