<?xml version="1.0" encoding="UTF-8"?>
<!-- Generated by org.testng.reporters.JUnitReportReporter -->
<testsuite skipped="0" hostname="DESKTOP-5AG83FG" name="type.Rabbit" tests="1" failures="0" timestamp="05 Nov 2020 13:18:22 GMT" time="8.420" errors="0">
  <testcase name="kr" time="8.420" classname="type.Rabbit"/>
</testsuite> <!-- type.Rabbit -->
