<?xml version="1.0" encoding="UTF-8"?>
<!-- Generated by org.testng.reporters.JUnitReportReporter -->
<testsuite skipped="0" hostname="DESKTOP-5AG83FG" name="testng.AnntnProgrm" tests="1" failures="0" timestamp="02 Nov 2020 02:45:25 GMT" time="0.014" errors="0">
  <testcase name="two" time="0.014" classname="testng.AnntnProgrm"/>
</testsuite> <!-- testng.AnntnProgrm -->
