<?xml version="1.0" encoding="UTF-8"?>
<!-- Generated by org.testng.reporters.JUnitReportReporter -->
<testsuite skipped="0" hostname="DESKTOP-5AG83FG" name="testng.annotatns" tests="3" failures="0" timestamp="29 Oct 2020 12:51:34 GMT" time="0.004" errors="0">
  <testcase name="krishna" time="0.001" classname="testng.annotatns"/>
  <testcase name="rama" time="0.001" classname="testng.annotatns"/>
  <testcase name="hanuma" time="0.002" classname="testng.annotatns"/>
</testsuite> <!-- testng.annotatns -->
