<?xml version="1.0" encoding="UTF-8"?>
<!-- Generated by org.testng.reporters.JUnitReportReporter -->
<testsuite skipped="0" hostname="DESKTOP-5AG83FG" name="groups.Mango" tests="1" failures="0" timestamp="26 Nov 2020 06:46:37 GMT" time="8.377" errors="0">
  <testcase name="mh" time="8.377" classname="groups.Mango"/>
</testsuite> <!-- groups.Mango -->
