<?xml version="1.0" encoding="UTF-8"?>
<!-- Generated by org.testng.reporters.JUnitReportReporter -->
<testsuite skipped="0" hostname="DESKTOP-5AG83FG" name="testng.Third" tests="2" failures="0" timestamp="28 Nov 2020 12:16:19 GMT" time="0.021" errors="0">
  <testcase name="ind" time="0.006" classname="testng.Third"/>
  <testcase name="kr" time="0.015" classname="testng.Third"/>
</testsuite> <!-- testng.Third -->
