<?xml version="1.0" encoding="UTF-8"?>
<!-- Generated by org.testng.reporters.JUnitReportReporter -->
<testsuite skipped="1" hostname="DESKTOP-5AG83FG" name="testng.SameAnnotatn" tests="3" failures="0" timestamp="03 Nov 2020 13:26:20 GMT" time="0.015" errors="0">
  <testcase name="banana" time="0.013" classname="testng.SameAnnotatn"/>
  <testcase name="kiwi" time="0.002" classname="testng.SameAnnotatn"/>
  <testcase name="apple" classname="testng.SameAnnotatn">
    <skipped/>
  </testcase> <!-- apple -->
</testsuite> <!-- testng.SameAnnotatn -->
