<?xml version="1.0" encoding="UTF-8"?>
<!-- Generated by org.testng.reporters.JUnitReportReporter -->
<testsuite skipped="0" hostname="DESKTOP-5AG83FG" name="testng.ThreeClss$Mdrdwn" tests="1" failures="0" timestamp="27 Oct 2020 04:42:08 GMT" time="6.409" errors="0">
  <testcase name="abd" time="6.409" classname="testng.ThreeClss$Mdrdwn"/>
</testsuite> <!-- testng.ThreeClss$Mdrdwn -->
