<?xml version="1.0" encoding="UTF-8"?>
<!-- Generated by org.testng.reporters.JUnitReportReporter -->
<testsuite skipped="0" hostname="DESKTOP-5AG83FG" name="testng.DataProvider1" tests="2" failures="0" timestamp="13 Nov 2020 12:52:19 GMT" time="24.223" errors="0">
  <testcase name="data" time="11.381" classname="testng.DataProvider1"/>
  <testcase name="data" time="12.842" classname="testng.DataProvider1"/>
</testsuite> <!-- testng.DataProvider1 -->
