<?xml version="1.0" encoding="UTF-8"?>
<!-- Generated by org.testng.reporters.JUnitReportReporter -->
<testsuite skipped="0" hostname="DESKTOP-5AG83FG" name="testng.Second" tests="1" failures="0" timestamp="04 Nov 2020 02:57:46 GMT" time="0.003" errors="0">
  <testcase name="ap" time="0.003" classname="testng.Second"/>
</testsuite> <!-- testng.Second -->
