<?xml version="1.0" encoding="UTF-8"?>
<!-- Generated by org.testng.reporters.JUnitReportReporter -->
<testsuite skipped="0" hostname="DESKTOP-5AG83FG" name="testng.First" tests="2" failures="0" timestamp="28 Nov 2020 12:15:48 GMT" time="0.027" errors="0">
  <testcase name="ak" time="0.012" classname="testng.First"/>
  <testcase name="ap" time="0.015" classname="testng.First"/>
</testsuite> <!-- testng.First -->
