<?xml version="1.0" encoding="UTF-8"?>
<!-- Generated by org.testng.reporters.JUnitReportReporter -->
<testsuite skipped="0" hostname="DESKTOP-5AG83FG" name="util.Practice" tests="1" failures="0" timestamp="27 Oct 2020 02:12:37 GMT" time="6.001" errors="0">
  <testcase name="ram" time="6.001" classname="util.Practice"/>
</testsuite> <!-- util.Practice -->
