<?xml version="1.0" encoding="UTF-8"?>
<!-- Generated by org.testng.reporters.JUnitReportReporter -->
<testsuite skipped="0" hostname="DESKTOP-5AG83FG" name="datadriven.DataDrivn" tests="1" failures="0" timestamp="26 Nov 2020 06:40:20 GMT" time="0.680" errors="0">
  <testcase name="data" time="0.680" classname="datadriven.DataDrivn"/>
</testsuite> <!-- datadriven.DataDrivn -->
